# JRE version: OpenJDK Runtime Environment Corretto-11.0.8.10.1 (11.0.8+10) (build 11.0.8+10-LTS)
# Java VM: OpenJDK 64-Bit Server VM Corretto-11.0.8.10.1 (11.0.8+10-LTS, mixed mode, tiered, compressed oops, parallel gc, windows-amd64)
Heap:
 PSYoungGen      total 35840K, used 28278K [0x00000000eab00000, 0x00000000f1100000, 0x0000000100000000)
  eden space 14336K, 47% used [0x00000000eab00000,0x00000000eb1a4410,0x00000000eb900000)
  from space 21504K, 99% used [0x00000000edd00000,0x00000000ef1f94f0,0x00000000ef200000)
  to   space 36864K, 0% used [0x00000000eb900000,0x00000000eb900000,0x00000000edd00000)
 ParOldGen       total 156160K, used 63266K [0x00000000c0000000, 0x00000000c9880000, 0x00000000eab00000)
  object space 156160K, 40% used [0x00000000c0000000,0x00000000c3dc89d0,0x00000000c9880000)
 Metaspace       used 55885K, capacity 58386K, committed 58712K, reserved 1101824K
  class space    used 5612K, capacity 6416K, committed 6528K, reserved 1048576K
GC Heap History (20 events):
Event: 13.192 GC heap before
{Heap before GC invocations=15 (full 2):
 PSYoungGen      total 25088K, used 24928K [0x00000000eab00000, 0x00000000ec900000, 0x0000000100000000)
  eden space 22016K, 100% used [0x00000000eab00000,0x00000000ec080000,0x00000000ec080000)
  from space 3072K, 94% used [0x00000000ec600000,0x00000000ec8d8010,0x00000000ec900000)
  to   space 3584K, 0% used [0x00000000ec200000,0x00000000ec200000,0x00000000ec580000)
 ParOldGen       total 68608K, used 24564K [0x00000000c0000000, 0x00000000c4300000, 0x00000000eab00000)
  object space 68608K, 35% used [0x00000000c0000000,0x00000000c17fd0e8,0x00000000c4300000)
 Metaspace       used 46354K, capacity 48624K, committed 48728K, reserved 1093632K
  class space    used 4717K, capacity 5468K, committed 5504K, reserved 1048576K
}
Event: 13.196 GC heap after
{Heap after GC invocations=15 (full 2):
 PSYoungGen      total 24576K, used 2272K [0x00000000eab00000, 0x00000000ec680000, 0x0000000100000000)
  eden space 22016K, 0% used [0x00000000eab00000,0x00000000eab00000,0x00000000ec080000)
  from space 2560K, 88% used [0x00000000ec200000,0x00000000ec438000,0x00000000ec480000)
  to   space 2048K, 0% used [0x00000000ec480000,0x00000000ec480000,0x00000000ec680000)
 ParOldGen       total 68608K, used 27364K [0x00000000c0000000, 0x00000000c4300000, 0x00000000eab00000)
  object space 68608K, 39% used [0x00000000c0000000,0x00000000c1ab90f8,0x00000000c4300000)
 Metaspace       used 46354K, capacity 48624K, committed 48728K, reserved 1093632K
  class space    used 4717K, capacity 5468K, committed 5504K, reserved 1048576K
}
Event: 13.226 GC heap before
{Heap before GC invocations=16 (full 2):
 PSYoungGen      total 24576K, used 24288K [0x00000000eab00000, 0x00000000ec680000, 0x0000000100000000)
  eden space 22016K, 100% used [0x00000000eab00000,0x00000000ec080000,0x00000000ec080000)
  from space 2560K, 88% used [0x00000000ec200000,0x00000000ec438000,0x00000000ec480000)
  to   space 2048K, 0% used [0x00000000ec480000,0x00000000ec480000,0x00000000ec680000)
 ParOldGen       total 68608K, used 27364K [0x00000000c0000000, 0x00000000c4300000, 0x00000000eab00000)
  object space 68608K, 39% used [0x00000000c0000000,0x00000000c1ab90f8,0x00000000c4300000)
 Metaspace       used 46630K, capacity 48912K, committed 48984K, reserved 1093632K
  class space    used 4751K, capacity 5500K, committed 5504K, reserved 1048576K
}
Event: 13.229 GC heap after
{Heap after GC invocations=16 (full 2):
 PSYoungGen      total 24064K, used 1696K [0x00000000eab00000, 0x00000000ec680000, 0x0000000100000000)
  eden space 22016K, 0% used [0x00000000eab00000,0x00000000eab00000,0x00000000ec080000)
  from space 2048K, 82% used [0x00000000ec480000,0x00000000ec628000,0x00000000ec680000)
  to   space 2048K, 0% used [0x00000000ec280000,0x00000000ec280000,0x00000000ec480000)
 ParOldGen       total 68608K, used 29292K [0x00000000c0000000, 0x00000000c4300000, 0x00000000eab00000)
  object space 68608K, 42% used [0x00000000c0000000,0x00000000c1c9b0f8,0x00000000c4300000)
 Metaspace       used 46630K, capacity 48912K, committed 48984K, reserved 1093632K
  class space    used 4751K, capacity 5500K, committed 5504K, reserved 1048576K
}
Event: 13.476 GC heap before
{Heap before GC invocations=17 (full 2):
 PSYoungGen      total 24064K, used 23712K [0x00000000eab00000, 0x00000000ec680000, 0x0000000100000000)
  eden space 22016K, 100% used [0x00000000eab00000,0x00000000ec080000,0x00000000ec080000)
  from space 2048K, 82% used [0x00000000ec480000,0x00000000ec628000,0x00000000ec680000)
  to   space 2048K, 0% used [0x00000000ec280000,0x00000000ec280000,0x00000000ec480000)
 ParOldGen       total 68608K, used 29292K [0x00000000c0000000, 0x00000000c4300000, 0x00000000eab00000)
  object space 68608K, 42% used [0x00000000c0000000,0x00000000c1c9b0f8,0x00000000c4300000)
 Metaspace       used 48055K, capacity 50491K, committed 50776K, reserved 1093632K
  class space    used 4911K, capacity 5724K, committed 5760K, reserved 1048576K
}
Event: 13.481 GC heap after
{Heap after GC invocations=17 (full 2):
 PSYoungGen      total 24064K, used 2043K [0x00000000eab00000, 0x00000000ec580000, 0x0000000100000000)
  eden space 22016K, 0% used [0x00000000eab00000,0x00000000eab00000,0x00000000ec080000)
  from space 2048K, 99% used [0x00000000ec280000,0x00000000ec47ee40,0x00000000ec480000)
  to   space 1024K, 0% used [0x00000000ec480000,0x00000000ec480000,0x00000000ec580000)
 ParOldGen       total 68608K, used 32131K [0x00000000c0000000, 0x00000000c4300000, 0x00000000eab00000)
  object space 68608K, 46% used [0x00000000c0000000,0x00000000c1f60f80,0x00000000c4300000)
 Metaspace       used 48055K, capacity 50491K, committed 50776K, reserved 1093632K
  class space    used 4911K, capacity 5724K, committed 5760K, reserved 1048576K
}
Event: 13.630 GC heap before
{Heap before GC invocations=18 (full 2):
 PSYoungGen      total 24064K, used 21510K [0x00000000eab00000, 0x00000000ec580000, 0x0000000100000000)
  eden space 22016K, 88% used [0x00000000eab00000,0x00000000ebe02da8,0x00000000ec080000)
  from space 2048K, 99% used [0x00000000ec280000,0x00000000ec47ee40,0x00000000ec480000)
  to   space 1024K, 0% used [0x00000000ec480000,0x00000000ec480000,0x00000000ec580000)
 ParOldGen       total 68608K, used 32131K [0x00000000c0000000, 0x00000000c4300000, 0x00000000eab00000)
  object space 68608K, 46% used [0x00000000c0000000,0x00000000c1f60f80,0x00000000c4300000)
 Metaspace       used 50148K, capacity 52579K, committed 52824K, reserved 1095680K
  class space    used 5132K, capacity 5910K, committed 6016K, reserved 1048576K
}
Event: 13.639 GC heap after
{Heap after GC invocations=18 (full 2):
 PSYoungGen      total 23040K, used 800K [0x00000000eab00000, 0x00000000ec580000, 0x0000000100000000)
  eden space 22016K, 0% used [0x00000000eab00000,0x00000000eab00000,0x00000000ec080000)
  from space 1024K, 78% used [0x00000000ec480000,0x00000000ec548000,0x00000000ec580000)
  to   space 1536K, 0% used [0x00000000ec280000,0x00000000ec280000,0x00000000ec400000)
 ParOldGen       total 68608K, used 39147K [0x00000000c0000000, 0x00000000c4300000, 0x00000000eab00000)
  object space 68608K, 57% used [0x00000000c0000000,0x00000000c263ac28,0x00000000c4300000)
 Metaspace       used 50148K, capacity 52579K, committed 52824K, reserved 1095680K
  class space    used 5132K, capacity 5910K, committed 6016K, reserved 1048576K
}
Event: 13.698 GC heap before
{Heap before GC invocations=19 (full 2):
 PSYoungGen      total 23040K, used 22816K [0x00000000eab00000, 0x00000000ec580000, 0x0000000100000000)
  eden space 22016K, 100% used [0x00000000eab00000,0x00000000ec080000,0x00000000ec080000)
  from space 1024K, 78% used [0x00000000ec480000,0x00000000ec548000,0x00000000ec580000)
  to   space 1536K, 0% used [0x00000000ec280000,0x00000000ec280000,0x00000000ec400000)
 ParOldGen       total 68608K, used 54467K [0x00000000c0000000, 0x00000000c4300000, 0x00000000eab00000)
  object space 68608K, 79% used [0x00000000c0000000,0x00000000c3530c38,0x00000000c4300000)
 Metaspace       used 50824K, capacity 53234K, committed 53336K, reserved 1097728K
  class space    used 5185K, capacity 5978K, committed 6016K, reserved 1048576K
}
Event: 13.707 GC heap after
{Heap after GC invocations=19 (full 2):
 PSYoungGen      total 23552K, used 775K [0x00000000eab00000, 0x00000000ec500000, 0x0000000100000000)
  eden space 22016K, 0% used [0x00000000eab00000,0x00000000eab00000,0x00000000ec080000)
  from space 1536K, 50% used [0x00000000ec280000,0x00000000ec341f48,0x00000000ec400000)
  to   space 1024K, 0% used [0x00000000ec400000,0x00000000ec400000,0x00000000ec500000)
 ParOldGen       total 68608K, used 66182K [0x00000000c0000000, 0x00000000c4300000, 0x00000000eab00000)
  object space 68608K, 96% used [0x00000000c0000000,0x00000000c40a1968,0x00000000c4300000)
 Metaspace       used 50824K, capacity 53234K, committed 53336K, reserved 1097728K
  class space    used 5185K, capacity 5978K, committed 6016K, reserved 1048576K
}
Event: 13.707 GC heap before
{Heap before GC invocations=20 (full 3):
 PSYoungGen      total 23552K, used 775K [0x00000000eab00000, 0x00000000ec500000, 0x0000000100000000)
  eden space 22016K, 0% used [0x00000000eab00000,0x00000000eab00000,0x00000000ec080000)
  from space 1536K, 50% used [0x00000000ec280000,0x00000000ec341f48,0x00000000ec400000)
  to   space 1024K, 0% used [0x00000000ec400000,0x00000000ec400000,0x00000000ec500000)
 ParOldGen       total 68608K, used 66182K [0x00000000c0000000, 0x00000000c4300000, 0x00000000eab00000)
  object space 68608K, 96% used [0x00000000c0000000,0x00000000c40a1968,0x00000000c4300000)
 Metaspace       used 50824K, capacity 53234K, committed 53336K, reserved 1097728K
  class space    used 5185K, capacity 5978K, committed 6016K, reserved 1048576K
}
Event: 13.907 GC heap after
{Heap after GC invocations=20 (full 3):
 PSYoungGen      total 25600K, used 0K [0x00000000eab00000, 0x00000000ec600000, 0x0000000100000000)
  eden space 24576K, 0% used [0x00000000eab00000,0x00000000eab00000,0x00000000ec300000)
  from space 1024K, 0% used [0x00000000ec400000,0x00000000ec400000,0x00000000ec500000)
  to   space 1024K, 0% used [0x00000000ec300000,0x00000000ec300000,0x00000000ec400000)
 ParOldGen       total 115712K, used 61023K [0x00000000c0000000, 0x00000000c7100000, 0x00000000eab00000)
  object space 115712K, 52% used [0x00000000c0000000,0x00000000c3b97fd0,0x00000000c7100000)
 Metaspace       used 50818K, capacity 53225K, committed 53336K, reserved 1097728K
  class space    used 5183K, capacity 5975K, committed 6016K, reserved 1048576K
}
Event: 14.010 GC heap before
{Heap before GC invocations=21 (full 3):
 PSYoungGen      total 25600K, used 24576K [0x00000000eab00000, 0x00000000ec600000, 0x0000000100000000)
  eden space 24576K, 100% used [0x00000000eab00000,0x00000000ec300000,0x00000000ec300000)
  from space 1024K, 0% used [0x00000000ec400000,0x00000000ec400000,0x00000000ec500000)
  to   space 1024K, 0% used [0x00000000ec300000,0x00000000ec300000,0x00000000ec400000)
 ParOldGen       total 115712K, used 61023K [0x00000000c0000000, 0x00000000c7100000, 0x00000000eab00000)
  object space 115712K, 52% used [0x00000000c0000000,0x00000000c3b97fd0,0x00000000c7100000)
 Metaspace       used 52211K, capacity 54532K, committed 54744K, reserved 1097728K
  class space    used 5302K, capacity 6112K, committed 6144K, reserved 1048576K
}
Event: 14.026 GC heap after
{Heap after GC invocations=21 (full 3):
 PSYoungGen      total 25600K, used 1014K [0x00000000eab00000, 0x00000000f0a00000, 0x0000000100000000)
  eden space 24576K, 0% used [0x00000000eab00000,0x00000000eab00000,0x00000000ec300000)
  from space 1024K, 99% used [0x00000000ec300000,0x00000000ec3fd890,0x00000000ec400000)
  to   space 34304K, 0% used [0x00000000ee880000,0x00000000ee880000,0x00000000f0a00000)
 ParOldGen       total 115712K, used 89018K [0x00000000c0000000, 0x00000000c7100000, 0x00000000eab00000)
  object space 115712K, 76% used [0x00000000c0000000,0x00000000c56eeb10,0x00000000c7100000)
 Metaspace       used 52211K, capacity 54532K, committed 54744K, reserved 1097728K
  class space    used 5302K, capacity 6112K, committed 6144K, reserved 1048576K
}
Event: 14.026 GC heap before
{Heap before GC invocations=22 (full 4):
 PSYoungGen      total 25600K, used 1014K [0x00000000eab00000, 0x00000000f0a00000, 0x0000000100000000)
  eden space 24576K, 0% used [0x00000000eab00000,0x00000000eab00000,0x00000000ec300000)
  from space 1024K, 99% used [0x00000000ec300000,0x00000000ec3fd890,0x00000000ec400000)
  to   space 34304K, 0% used [0x00000000ee880000,0x00000000ee880000,0x00000000f0a00000)
 ParOldGen       total 115712K, used 89018K [0x00000000c0000000, 0x00000000c7100000, 0x00000000eab00000)
  object space 115712K, 76% used [0x00000000c0000000,0x00000000c56eeb10,0x00000000c7100000)
 Metaspace       used 52211K, capacity 54532K, committed 54744K, reserved 1097728K
  class space    used 5302K, capacity 6112K, committed 6144K, reserved 1048576K
}
Event: 14.093 GC heap after
{Heap after GC invocations=22 (full 4):
 PSYoungGen      total 59904K, used 0K [0x00000000eab00000, 0x00000000f0880000, 0x0000000100000000)
  eden space 27136K, 0% used [0x00000000eab00000,0x00000000eab00000,0x00000000ec580000)
  from space 32768K, 0% used [0x00000000ee880000,0x00000000ee880000,0x00000000f0880000)
  to   space 34304K, 0% used [0x00000000ec580000,0x00000000ec580000,0x00000000ee700000)
 ParOldGen       total 156160K, used 50962K [0x00000000c0000000, 0x00000000c9880000, 0x00000000eab00000)
  object space 156160K, 32% used [0x00000000c0000000,0x00000000c31c49d0,0x00000000c9880000)
 Metaspace       used 52211K, capacity 54532K, committed 54744K, reserved 1097728K
  class space    used 5302K, capacity 6112K, committed 6144K, reserved 1048576K
}
Event: 14.222 GC heap before
{Heap before GC invocations=23 (full 4):
 PSYoungGen      total 59904K, used 27136K [0x00000000eab00000, 0x00000000f0880000, 0x0000000100000000)
  eden space 27136K, 100% used [0x00000000eab00000,0x00000000ec580000,0x00000000ec580000)
  from space 32768K, 0% used [0x00000000ee880000,0x00000000ee880000,0x00000000f0880000)
  to   space 34304K, 0% used [0x00000000ec580000,0x00000000ec580000,0x00000000ee700000)
 ParOldGen       total 156160K, used 50962K [0x00000000c0000000, 0x00000000c9880000, 0x00000000eab00000)
  object space 156160K, 32% used [0x00000000c0000000,0x00000000c31c49d0,0x00000000c9880000)
 Metaspace       used 52983K, capacity 55419K, committed 55640K, reserved 1099776K
  class space    used 5371K, capacity 6195K, committed 6272K, reserved 1048576K
}
Event: 14.234 GC heap after
{Heap after GC invocations=23 (full 4):
 PSYoungGen      total 44032K, used 16875K [0x00000000eab00000, 0x00000000ef200000, 0x0000000100000000)
  eden space 27136K, 0% used [0x00000000eab00000,0x00000000eab00000,0x00000000ec580000)
  from space 16896K, 99% used [0x00000000ec580000,0x00000000ed5fade0,0x00000000ed600000)
  to   space 21504K, 0% used [0x00000000edd00000,0x00000000edd00000,0x00000000ef200000)
 ParOldGen       total 156160K, used 50970K [0x00000000c0000000, 0x00000000c9880000, 0x00000000eab00000)
  object space 156160K, 32% used [0x00000000c0000000,0x00000000c31c69d0,0x00000000c9880000)
 Metaspace       used 52983K, capacity 55419K, committed 55640K, reserved 1099776K
  class space    used 5371K, capacity 6195K, committed 6272K, reserved 1048576K
}
Event: 14.331 GC heap before
{Heap before GC invocations=24 (full 4):
 PSYoungGen      total 44032K, used 44011K [0x00000000eab00000, 0x00000000ef200000, 0x0000000100000000)
  eden space 27136K, 100% used [0x00000000eab00000,0x00000000ec580000,0x00000000ec580000)
  from space 16896K, 99% used [0x00000000ec580000,0x00000000ed5fade0,0x00000000ed600000)
  to   space 21504K, 0% used [0x00000000edd00000,0x00000000edd00000,0x00000000ef200000)
 ParOldGen       total 156160K, used 50970K [0x00000000c0000000, 0x00000000c9880000, 0x00000000eab00000)
  object space 156160K, 32% used [0x00000000c0000000,0x00000000c31c69d0,0x00000000c9880000)
 Metaspace       used 53717K, capacity 56097K, committed 56152K, reserved 1099776K
  class space    used 5427K, capacity 6229K, committed 6272K, reserved 1048576K
}
Event: 14.353 GC heap after
{Heap after GC invocations=24 (full 4):
 PSYoungGen      total 35840K, used 21477K [0x00000000eab00000, 0x00000000f1100000, 0x0000000100000000)
  eden space 14336K, 0% used [0x00000000eab00000,0x00000000eab00000,0x00000000eb900000)
  from space 21504K, 99% used [0x00000000edd00000,0x00000000ef1f94f0,0x00000000ef200000)
  to   space 36864K, 0% used [0x00000000eb900000,0x00000000eb900000,0x00000000edd00000)
 ParOldGen       total 156160K, used 63266K [0x00000000c0000000, 0x00000000c9880000, 0x00000000eab00000)
  object space 156160K, 40% used [0x00000000c0000000,0x00000000c3dc89d0,0x00000000c9880000)
 Metaspace       used 53717K, capacity 56097K, committed 56152K, reserved 1099776K
  class space    used 5427K, capacity 6229K, committed 6272K, reserved 1048576K
}

